{"/Users/davidedibenedetto/Downloads/v/server.js": {"path":"/Users/davidedibenedetto/Downloads/v/server.js","statementMap":{"0":{"start":{"line":1,"column":15},"end":{"line":1,"column":41}},"1":{"start":{"line":2,"column":16},"end":{"line":2,"column":34}},"2":{"start":{"line":3,"column":12},"end":{"line":3,"column":21}},"3":{"start":{"line":4,"column":13},"end":{"line":4,"column":28}},"4":{"start":{"line":5,"column":17},"end":{"line":5,"column":36}},"5":{"start":{"line":6,"column":18},"end":{"line":6,"column":47}},"6":{"start":{"line":7,"column":24},"end":{"line":7,"column":49}},"7":{"start":{"line":9,"column":0},"end":{"line":9,"column":16}},"8":{"start":{"line":11,"column":0},"end":{"line":15,"column":3}},"9":{"start":{"line":12,"column":4},"end":{"line":12,"column":51}},"10":{"start":{"line":13,"column":4},"end":{"line":13,"column":97}},"11":{"start":{"line":14,"column":4},"end":{"line":14,"column":11}},"12":{"start":{"line":16,"column":0},"end":{"line":16,"column":72}},"13":{"start":{"line":18,"column":15},"end":{"line":18,"column":39}},"14":{"start":{"line":19,"column":16},"end":{"line":19,"column":45}},"15":{"start":{"line":20,"column":16},"end":{"line":20,"column":40}},"16":{"start":{"line":21,"column":16},"end":{"line":21,"column":41}},"17":{"start":{"line":23,"column":0},"end":{"line":23,"column":23}},"18":{"start":{"line":25,"column":0},"end":{"line":25,"column":48}},"19":{"start":{"line":26,"column":0},"end":{"line":26,"column":34}},"20":{"start":{"line":32,"column":17},"end":{"line":35,"column":1}},"21":{"start":{"line":33,"column":4},"end":{"line":33,"column":73}},"22":{"start":{"line":36,"column":0},"end":{"line":44,"column":2}},"23":{"start":{"line":40,"column":8},"end":{"line":40,"column":52}},"24":{"start":{"line":40,"column":17},"end":{"line":40,"column":52}},"25":{"start":{"line":41,"column":8},"end":{"line":41,"column":93}},"26":{"start":{"line":46,"column":13},"end":{"line":46,"column":32}},"27":{"start":{"line":48,"column":0},"end":{"line":50,"column":2}}},"fnMap":{"0":{"name":"(anonymous_0)","decl":{"start":{"line":11,"column":8},"end":{"line":11,"column":9}},"loc":{"start":{"line":11,"column":34},"end":{"line":15,"column":1}},"line":11},"1":{"name":"(anonymous_1)","decl":{"start":{"line":32,"column":54},"end":{"line":32,"column":55}},"loc":{"start":{"line":32,"column":60},"end":{"line":34,"column":1}},"line":32},"2":{"name":"(anonymous_2)","decl":{"start":{"line":39,"column":4},"end":{"line":39,"column":5}},"loc":{"start":{"line":39,"column":13},"end":{"line":42,"column":5}},"line":39}},"branchMap":{"0":{"loc":{"start":{"line":32,"column":28},"end":{"line":32,"column":52}},"type":"binary-expr","locations":[{"start":{"line":32,"column":28},"end":{"line":32,"column":44}},{"start":{"line":32,"column":48},"end":{"line":32,"column":52}}],"line":32},"1":{"loc":{"start":{"line":40,"column":8},"end":{"line":40,"column":52}},"type":"if","locations":[{"start":{"line":40,"column":8},"end":{"line":40,"column":52}},{"start":{},"end":{}}],"line":40}},"s":{"0":1,"1":1,"2":1,"3":1,"4":1,"5":1,"6":1,"7":1,"8":1,"9":0,"10":0,"11":0,"12":1,"13":1,"14":1,"15":1,"16":1,"17":1,"18":1,"19":1,"20":1,"21":0,"22":1,"23":0,"24":0,"25":0,"26":1,"27":1},"f":{"0":0,"1":0,"2":0},"b":{"0":[1,0],"1":[0,0]},"_coverageSchema":"1a1c01bbd47fc00a2c39e90264f33305004495a9","hash":"6b81deff08e1efd01b963291feaad0db2d0a9a34"}
,"/Users/davidedibenedetto/Downloads/v/controllers/enclosure.js": {"path":"/Users/davidedibenedetto/Downloads/v/controllers/enclosure.js","statementMap":{"0":{"start":{"line":1,"column":13},"end":{"line":1,"column":38}},"1":{"start":{"line":2,"column":13},"end":{"line":2,"column":38}},"2":{"start":{"line":3,"column":18},"end":{"line":3,"column":48}},"3":{"start":{"line":5,"column":21},"end":{"line":18,"column":1}},"4":{"start":{"line":6,"column":15},"end":{"line":6,"column":60}},"5":{"start":{"line":7,"column":4},"end":{"line":7,"column":21}},"6":{"start":{"line":8,"column":23},"end":{"line":13,"column":6}},"7":{"start":{"line":14,"column":4},"end":{"line":14,"column":49}},"8":{"start":{"line":15,"column":4},"end":{"line":15,"column":29}},"9":{"start":{"line":16,"column":4},"end":{"line":16,"column":21}},"10":{"start":{"line":17,"column":4},"end":{"line":17,"column":37}},"11":{"start":{"line":20,"column":24},"end":{"line":27,"column":1}},"12":{"start":{"line":21,"column":4},"end":{"line":26,"column":6}},"13":{"start":{"line":22,"column":8},"end":{"line":24,"column":9}},"14":{"start":{"line":23,"column":12},"end":{"line":23,"column":44}},"15":{"start":{"line":25,"column":8},"end":{"line":25,"column":30}},"16":{"start":{"line":29,"column":25},"end":{"line":35,"column":1}},"17":{"start":{"line":30,"column":20},"end":{"line":30,"column":66}},"18":{"start":{"line":31,"column":4},"end":{"line":33,"column":5}},"19":{"start":{"line":32,"column":8},"end":{"line":32,"column":76}},"20":{"start":{"line":34,"column":4},"end":{"line":34,"column":42}},"21":{"start":{"line":37,"column":23},"end":{"line":50,"column":1}},"22":{"start":{"line":38,"column":15},"end":{"line":38,"column":56}},"23":{"start":{"line":39,"column":4},"end":{"line":41,"column":5}},"24":{"start":{"line":40,"column":8},"end":{"line":40,"column":71}},"25":{"start":{"line":42,"column":4},"end":{"line":42,"column":21}},"26":{"start":{"line":43,"column":20},"end":{"line":43,"column":80}},"27":{"start":{"line":44,"column":4},"end":{"line":44,"column":26}},"28":{"start":{"line":45,"column":26},"end":{"line":47,"column":8}},"29":{"start":{"line":46,"column":8},"end":{"line":46,"column":52}},"30":{"start":{"line":49,"column":4},"end":{"line":49,"column":46}},"31":{"start":{"line":52,"column":24},"end":{"line":59,"column":1}},"32":{"start":{"line":53,"column":20},"end":{"line":53,"column":66}},"33":{"start":{"line":54,"column":4},"end":{"line":56,"column":5}},"34":{"start":{"line":55,"column":8},"end":{"line":55,"column":76}},"35":{"start":{"line":57,"column":4},"end":{"line":57,"column":28}},"36":{"start":{"line":58,"column":4},"end":{"line":58,"column":65}},"37":{"start":{"line":61,"column":30},"end":{"line":70,"column":1}},"38":{"start":{"line":62,"column":15},"end":{"line":62,"column":60}},"39":{"start":{"line":63,"column":4},"end":{"line":65,"column":5}},"40":{"start":{"line":64,"column":8},"end":{"line":64,"column":71}},"41":{"start":{"line":66,"column":21},"end":{"line":66,"column":43}},"42":{"start":{"line":69,"column":4},"end":{"line":69,"column":81}},"43":{"start":{"line":72,"column":23},"end":{"line":86,"column":1}},"44":{"start":{"line":73,"column":26},"end":{"line":73,"column":76}},"45":{"start":{"line":74,"column":30},"end":{"line":74,"column":48}},"46":{"start":{"line":76,"column":4},"end":{"line":78,"column":5}},"47":{"start":{"line":77,"column":8},"end":{"line":77,"column":71}},"48":{"start":{"line":79,"column":4},"end":{"line":81,"column":5}},"49":{"start":{"line":80,"column":8},"end":{"line":80,"column":78}},"50":{"start":{"line":82,"column":4},"end":{"line":82,"column":62}},"51":{"start":{"line":83,"column":4},"end":{"line":83,"column":31}},"52":{"start":{"line":85,"column":4},"end":{"line":85,"column":64}},"53":{"start":{"line":88,"column":0},"end":{"line":97,"column":1}}},"fnMap":{"0":{"name":"(anonymous_0)","decl":{"start":{"line":5,"column":21},"end":{"line":5,"column":22}},"loc":{"start":{"line":5,"column":41},"end":{"line":18,"column":1}},"line":5},"1":{"name":"(anonymous_1)","decl":{"start":{"line":20,"column":24},"end":{"line":20,"column":25}},"loc":{"start":{"line":20,"column":38},"end":{"line":27,"column":1}},"line":20},"2":{"name":"(anonymous_2)","decl":{"start":{"line":21,"column":23},"end":{"line":21,"column":24}},"loc":{"start":{"line":21,"column":38},"end":{"line":26,"column":5}},"line":21},"3":{"name":"(anonymous_3)","decl":{"start":{"line":29,"column":25},"end":{"line":29,"column":26}},"loc":{"start":{"line":29,"column":45},"end":{"line":35,"column":1}},"line":29},"4":{"name":"(anonymous_4)","decl":{"start":{"line":37,"column":23},"end":{"line":37,"column":24}},"loc":{"start":{"line":37,"column":43},"end":{"line":50,"column":1}},"line":37},"5":{"name":"(anonymous_5)","decl":{"start":{"line":45,"column":43},"end":{"line":45,"column":44}},"loc":{"start":{"line":45,"column":54},"end":{"line":47,"column":7}},"line":45},"6":{"name":"(anonymous_6)","decl":{"start":{"line":52,"column":24},"end":{"line":52,"column":25}},"loc":{"start":{"line":52,"column":44},"end":{"line":59,"column":1}},"line":52},"7":{"name":"(anonymous_7)","decl":{"start":{"line":61,"column":30},"end":{"line":61,"column":31}},"loc":{"start":{"line":61,"column":50},"end":{"line":70,"column":1}},"line":61},"8":{"name":"(anonymous_8)","decl":{"start":{"line":72,"column":23},"end":{"line":72,"column":24}},"loc":{"start":{"line":72,"column":43},"end":{"line":86,"column":1}},"line":72}},"branchMap":{"0":{"loc":{"start":{"line":22,"column":8},"end":{"line":24,"column":9}},"type":"if","locations":[{"start":{"line":22,"column":8},"end":{"line":24,"column":9}},{"start":{},"end":{}}],"line":22},"1":{"loc":{"start":{"line":31,"column":4},"end":{"line":33,"column":5}},"type":"if","locations":[{"start":{"line":31,"column":4},"end":{"line":33,"column":5}},{"start":{},"end":{}}],"line":31},"2":{"loc":{"start":{"line":39,"column":4},"end":{"line":41,"column":5}},"type":"if","locations":[{"start":{"line":39,"column":4},"end":{"line":41,"column":5}},{"start":{},"end":{}}],"line":39},"3":{"loc":{"start":{"line":54,"column":4},"end":{"line":56,"column":5}},"type":"if","locations":[{"start":{"line":54,"column":4},"end":{"line":56,"column":5}},{"start":{},"end":{}}],"line":54},"4":{"loc":{"start":{"line":63,"column":4},"end":{"line":65,"column":5}},"type":"if","locations":[{"start":{"line":63,"column":4},"end":{"line":65,"column":5}},{"start":{},"end":{}}],"line":63},"5":{"loc":{"start":{"line":76,"column":4},"end":{"line":78,"column":5}},"type":"if","locations":[{"start":{"line":76,"column":4},"end":{"line":78,"column":5}},{"start":{},"end":{}}],"line":76},"6":{"loc":{"start":{"line":79,"column":4},"end":{"line":81,"column":5}},"type":"if","locations":[{"start":{"line":79,"column":4},"end":{"line":81,"column":5}},{"start":{},"end":{}}],"line":79}},"s":{"0":1,"1":1,"2":1,"3":1,"4":0,"5":0,"6":0,"7":0,"8":0,"9":0,"10":0,"11":1,"12":0,"13":0,"14":0,"15":0,"16":1,"17":0,"18":0,"19":0,"20":0,"21":1,"22":0,"23":0,"24":0,"25":0,"26":0,"27":0,"28":0,"29":0,"30":0,"31":1,"32":0,"33":0,"34":0,"35":0,"36":0,"37":1,"38":0,"39":0,"40":0,"41":0,"42":0,"43":1,"44":0,"45":0,"46":0,"47":0,"48":0,"49":0,"50":0,"51":0,"52":0,"53":1},"f":{"0":0,"1":0,"2":0,"3":0,"4":0,"5":0,"6":0,"7":0,"8":0},"b":{"0":[0,0],"1":[0,0],"2":[0,0],"3":[0,0],"4":[0,0],"5":[0,0],"6":[0,0]},"_coverageSchema":"1a1c01bbd47fc00a2c39e90264f33305004495a9","hash":"a53343f599b4845ad466589c743ecb0411f8400b"}
,"/Users/davidedibenedetto/Downloads/v/controllers/note.js": {"path":"/Users/davidedibenedetto/Downloads/v/controllers/note.js","statementMap":{"0":{"start":{"line":1,"column":13},"end":{"line":1,"column":38}},"1":{"start":{"line":2,"column":13},"end":{"line":2,"column":38}},"2":{"start":{"line":3,"column":18},"end":{"line":3,"column":48}},"3":{"start":{"line":5,"column":16},"end":{"line":31,"column":1}},"4":{"start":{"line":6,"column":20},"end":{"line":6,"column":75}},"5":{"start":{"line":7,"column":4},"end":{"line":9,"column":5}},"6":{"start":{"line":8,"column":8},"end":{"line":8,"column":72}},"7":{"start":{"line":10,"column":4},"end":{"line":10,"column":61}},"8":{"start":{"line":12,"column":21},"end":{"line":12,"column":25}},"9":{"start":{"line":13,"column":4},"end":{"line":15,"column":5}},"10":{"start":{"line":14,"column":8},"end":{"line":14,"column":71}},"11":{"start":{"line":14,"column":41},"end":{"line":14,"column":69}},"12":{"start":{"line":18,"column":4},"end":{"line":20,"column":5}},"13":{"start":{"line":19,"column":8},"end":{"line":19,"column":72}},"14":{"start":{"line":21,"column":18},"end":{"line":26,"column":6}},"15":{"start":{"line":27,"column":4},"end":{"line":27,"column":37}},"16":{"start":{"line":28,"column":4},"end":{"line":28,"column":24}},"17":{"start":{"line":29,"column":4},"end":{"line":29,"column":26}},"18":{"start":{"line":30,"column":4},"end":{"line":30,"column":37}},"19":{"start":{"line":33,"column":19},"end":{"line":40,"column":1}},"20":{"start":{"line":34,"column":4},"end":{"line":39,"column":6}},"21":{"start":{"line":35,"column":8},"end":{"line":37,"column":9}},"22":{"start":{"line":36,"column":12},"end":{"line":36,"column":44}},"23":{"start":{"line":38,"column":8},"end":{"line":38,"column":30}},"24":{"start":{"line":42,"column":20},"end":{"line":49,"column":1}},"25":{"start":{"line":43,"column":15},"end":{"line":43,"column":56}},"26":{"start":{"line":44,"column":4},"end":{"line":48,"column":5}},"27":{"start":{"line":45,"column":8},"end":{"line":45,"column":71}},"28":{"start":{"line":47,"column":8},"end":{"line":47,"column":41}},"29":{"start":{"line":52,"column":19},"end":{"line":59,"column":1}},"30":{"start":{"line":53,"column":15},"end":{"line":53,"column":56}},"31":{"start":{"line":54,"column":4},"end":{"line":56,"column":5}},"32":{"start":{"line":55,"column":8},"end":{"line":55,"column":71}},"33":{"start":{"line":57,"column":4},"end":{"line":57,"column":23}},"34":{"start":{"line":58,"column":4},"end":{"line":58,"column":60}},"35":{"start":{"line":61,"column":30},"end":{"line":69,"column":1}},"36":{"start":{"line":62,"column":20},"end":{"line":62,"column":75}},"37":{"start":{"line":63,"column":4},"end":{"line":65,"column":5}},"38":{"start":{"line":64,"column":8},"end":{"line":64,"column":76}},"39":{"start":{"line":66,"column":16},"end":{"line":66,"column":31}},"40":{"start":{"line":68,"column":4},"end":{"line":68,"column":71}},"41":{"start":{"line":71,"column":19},"end":{"line":79,"column":1}},"42":{"start":{"line":72,"column":15},"end":{"line":72,"column":56}},"43":{"start":{"line":73,"column":4},"end":{"line":75,"column":5}},"44":{"start":{"line":74,"column":8},"end":{"line":74,"column":71}},"45":{"start":{"line":76,"column":4},"end":{"line":76,"column":35}},"46":{"start":{"line":77,"column":4},"end":{"line":77,"column":15}},"47":{"start":{"line":78,"column":4},"end":{"line":78,"column":60}},"48":{"start":{"line":81,"column":0},"end":{"line":88,"column":1}}},"fnMap":{"0":{"name":"(anonymous_0)","decl":{"start":{"line":5,"column":16},"end":{"line":5,"column":17}},"loc":{"start":{"line":5,"column":36},"end":{"line":31,"column":1}},"line":5},"1":{"name":"(anonymous_1)","decl":{"start":{"line":14,"column":33},"end":{"line":14,"column":34}},"loc":{"start":{"line":14,"column":41},"end":{"line":14,"column":69}},"line":14},"2":{"name":"(anonymous_2)","decl":{"start":{"line":33,"column":19},"end":{"line":33,"column":20}},"loc":{"start":{"line":33,"column":33},"end":{"line":40,"column":1}},"line":33},"3":{"name":"(anonymous_3)","decl":{"start":{"line":34,"column":18},"end":{"line":34,"column":19}},"loc":{"start":{"line":34,"column":33},"end":{"line":39,"column":5}},"line":34},"4":{"name":"(anonymous_4)","decl":{"start":{"line":42,"column":20},"end":{"line":42,"column":21}},"loc":{"start":{"line":42,"column":40},"end":{"line":49,"column":1}},"line":42},"5":{"name":"(anonymous_5)","decl":{"start":{"line":52,"column":19},"end":{"line":52,"column":20}},"loc":{"start":{"line":52,"column":39},"end":{"line":59,"column":1}},"line":52},"6":{"name":"(anonymous_6)","decl":{"start":{"line":61,"column":30},"end":{"line":61,"column":31}},"loc":{"start":{"line":61,"column":50},"end":{"line":69,"column":1}},"line":61},"7":{"name":"(anonymous_7)","decl":{"start":{"line":71,"column":19},"end":{"line":71,"column":20}},"loc":{"start":{"line":71,"column":39},"end":{"line":79,"column":1}},"line":71}},"branchMap":{"0":{"loc":{"start":{"line":7,"column":4},"end":{"line":9,"column":5}},"type":"if","locations":[{"start":{"line":7,"column":4},"end":{"line":9,"column":5}},{"start":{},"end":{}}],"line":7},"1":{"loc":{"start":{"line":13,"column":4},"end":{"line":15,"column":5}},"type":"if","locations":[{"start":{"line":13,"column":4},"end":{"line":15,"column":5}},{"start":{},"end":{}}],"line":13},"2":{"loc":{"start":{"line":18,"column":4},"end":{"line":20,"column":5}},"type":"if","locations":[{"start":{"line":18,"column":4},"end":{"line":20,"column":5}},{"start":{},"end":{}}],"line":18},"3":{"loc":{"start":{"line":35,"column":8},"end":{"line":37,"column":9}},"type":"if","locations":[{"start":{"line":35,"column":8},"end":{"line":37,"column":9}},{"start":{},"end":{}}],"line":35},"4":{"loc":{"start":{"line":44,"column":4},"end":{"line":48,"column":5}},"type":"if","locations":[{"start":{"line":44,"column":4},"end":{"line":48,"column":5}},{"start":{"line":46,"column":11},"end":{"line":48,"column":5}}],"line":44},"5":{"loc":{"start":{"line":54,"column":4},"end":{"line":56,"column":5}},"type":"if","locations":[{"start":{"line":54,"column":4},"end":{"line":56,"column":5}},{"start":{},"end":{}}],"line":54},"6":{"loc":{"start":{"line":63,"column":4},"end":{"line":65,"column":5}},"type":"if","locations":[{"start":{"line":63,"column":4},"end":{"line":65,"column":5}},{"start":{},"end":{}}],"line":63},"7":{"loc":{"start":{"line":73,"column":4},"end":{"line":75,"column":5}},"type":"if","locations":[{"start":{"line":73,"column":4},"end":{"line":75,"column":5}},{"start":{},"end":{}}],"line":73}},"s":{"0":1,"1":1,"2":1,"3":1,"4":0,"5":0,"6":0,"7":0,"8":0,"9":0,"10":0,"11":0,"12":0,"13":0,"14":0,"15":0,"16":0,"17":0,"18":0,"19":1,"20":0,"21":0,"22":0,"23":0,"24":1,"25":0,"26":0,"27":0,"28":0,"29":1,"30":0,"31":0,"32":0,"33":0,"34":0,"35":1,"36":0,"37":0,"38":0,"39":0,"40":0,"41":1,"42":0,"43":0,"44":0,"45":0,"46":0,"47":0,"48":1},"f":{"0":0,"1":0,"2":0,"3":0,"4":0,"5":0,"6":0,"7":0},"b":{"0":[0,0],"1":[0,0],"2":[0,0],"3":[0,0],"4":[0,0],"5":[0,0],"6":[0,0],"7":[0,0]},"_coverageSchema":"1a1c01bbd47fc00a2c39e90264f33305004495a9","hash":"865cbfdd5e5115fe2b40f0fe6e663e195246aa7a"}
,"/Users/davidedibenedetto/Downloads/v/controllers/token.js": {"path":"/Users/davidedibenedetto/Downloads/v/controllers/token.js","statementMap":{"0":{"start":{"line":1,"column":12},"end":{"line":1,"column":35}},"1":{"start":{"line":2,"column":24},"end":{"line":2,"column":50}},"2":{"start":{"line":3,"column":0},"end":{"line":3,"column":27}},"3":{"start":{"line":7,"column":20},"end":{"line":34,"column":1}},"4":{"start":{"line":9,"column":23},"end":{"line":9,"column":51}},"5":{"start":{"line":10,"column":18},"end":{"line":10,"column":56}},"6":{"start":{"line":13,"column":4},"end":{"line":15,"column":5}},"7":{"start":{"line":14,"column":8},"end":{"line":14,"column":86}},"8":{"start":{"line":17,"column":4},"end":{"line":33,"column":5}},"9":{"start":{"line":19,"column":8},"end":{"line":26,"column":11}},"10":{"start":{"line":20,"column":12},"end":{"line":22,"column":13}},"11":{"start":{"line":21,"column":16},"end":{"line":21,"column":49}},"12":{"start":{"line":23,"column":12},"end":{"line":23,"column":30}},"13":{"start":{"line":24,"column":12},"end":{"line":24,"column":49}},"14":{"start":{"line":25,"column":12},"end":{"line":25,"column":19}},"15":{"start":{"line":31,"column":8},"end":{"line":31,"column":67}},"16":{"start":{"line":36,"column":22},"end":{"line":38,"column":1}},"17":{"start":{"line":37,"column":25},"end":{"line":37,"column":39}},"18":{"start":{"line":40,"column":22},"end":{"line":48,"column":1}},"19":{"start":{"line":41,"column":17},"end":{"line":41,"column":30}},"20":{"start":{"line":42,"column":18},"end":{"line":42,"column":127}},"21":{"start":{"line":43,"column":19},"end":{"line":45,"column":6}},"22":{"start":{"line":46,"column":4},"end":{"line":46,"column":18}},"23":{"start":{"line":47,"column":4},"end":{"line":47,"column":29}},"24":{"start":{"line":64,"column":0},"end":{"line":67,"column":1}}},"fnMap":{"0":{"name":"(anonymous_0)","decl":{"start":{"line":7,"column":20},"end":{"line":7,"column":21}},"loc":{"start":{"line":7,"column":40},"end":{"line":34,"column":1}},"line":7},"1":{"name":"(anonymous_1)","decl":{"start":{"line":19,"column":53},"end":{"line":19,"column":54}},"loc":{"start":{"line":19,"column":68},"end":{"line":26,"column":9}},"line":19},"2":{"name":"(anonymous_2)","decl":{"start":{"line":36,"column":22},"end":{"line":36,"column":23}},"loc":{"start":{"line":36,"column":36},"end":{"line":38,"column":1}},"line":36},"3":{"name":"(anonymous_3)","decl":{"start":{"line":40,"column":22},"end":{"line":40,"column":23}},"loc":{"start":{"line":40,"column":36},"end":{"line":48,"column":1}},"line":40}},"branchMap":{"0":{"loc":{"start":{"line":10,"column":18},"end":{"line":10,"column":56}},"type":"binary-expr","locations":[{"start":{"line":10,"column":18},"end":{"line":10,"column":28}},{"start":{"line":10,"column":32},"end":{"line":10,"column":56}}],"line":10},"1":{"loc":{"start":{"line":13,"column":4},"end":{"line":15,"column":5}},"type":"if","locations":[{"start":{"line":13,"column":4},"end":{"line":15,"column":5}},{"start":{},"end":{}}],"line":13},"2":{"loc":{"start":{"line":20,"column":12},"end":{"line":22,"column":13}},"type":"if","locations":[{"start":{"line":20,"column":12},"end":{"line":22,"column":13}},{"start":{},"end":{}}],"line":20}},"s":{"0":1,"1":1,"2":1,"3":1,"4":0,"5":0,"6":0,"7":0,"8":0,"9":0,"10":0,"11":0,"12":0,"13":0,"14":0,"15":0,"16":1,"17":0,"18":1,"19":0,"20":0,"21":0,"22":0,"23":0,"24":1},"f":{"0":0,"1":0,"2":0,"3":0},"b":{"0":[0,0],"1":[0,0],"2":[0,0]},"_coverageSchema":"1a1c01bbd47fc00a2c39e90264f33305004495a9","hash":"86b2b990c87e9ea49addef26511d0074e9f5f228"}
,"/Users/davidedibenedetto/Downloads/v/controllers/user.js": {"path":"/Users/davidedibenedetto/Downloads/v/controllers/user.js","statementMap":{"0":{"start":{"line":1,"column":13},"end":{"line":1,"column":38}},"1":{"start":{"line":2,"column":24},"end":{"line":2,"column":50}},"2":{"start":{"line":3,"column":12},"end":{"line":3,"column":35}},"3":{"start":{"line":4,"column":18},"end":{"line":4,"column":48}},"4":{"start":{"line":6,"column":19},"end":{"line":13,"column":1}},"5":{"start":{"line":7,"column":4},"end":{"line":12,"column":6}},"6":{"start":{"line":8,"column":8},"end":{"line":10,"column":9}},"7":{"start":{"line":9,"column":12},"end":{"line":9,"column":44}},"8":{"start":{"line":11,"column":8},"end":{"line":11,"column":30}},"9":{"start":{"line":16,"column":16},"end":{"line":35,"column":1}},"10":{"start":{"line":17,"column":4},"end":{"line":34,"column":6}},"11":{"start":{"line":19,"column":8},"end":{"line":33,"column":9}},"12":{"start":{"line":21,"column":28},"end":{"line":24,"column":14}},"13":{"start":{"line":26,"column":12},"end":{"line":29,"column":14}},"14":{"start":{"line":27,"column":16},"end":{"line":27,"column":79}},"15":{"start":{"line":27,"column":25},"end":{"line":27,"column":79}},"16":{"start":{"line":28,"column":16},"end":{"line":28,"column":50}},"17":{"start":{"line":31,"column":12},"end":{"line":31,"column":87}},"18":{"start":{"line":31,"column":21},"end":{"line":31,"column":87}},"19":{"start":{"line":32,"column":12},"end":{"line":32,"column":76}},"20":{"start":{"line":37,"column":14},"end":{"line":61,"column":1}},"21":{"start":{"line":38,"column":4},"end":{"line":60,"column":6}},"22":{"start":{"line":39,"column":8},"end":{"line":41,"column":32}},"23":{"start":{"line":39,"column":18},"end":{"line":41,"column":32}},"24":{"start":{"line":43,"column":8},"end":{"line":59,"column":9}},"25":{"start":{"line":44,"column":12},"end":{"line":44,"column":34}},"26":{"start":{"line":45,"column":32},"end":{"line":45,"column":150}},"27":{"start":{"line":46,"column":27},"end":{"line":48,"column":14}},"28":{"start":{"line":49,"column":12},"end":{"line":49,"column":26}},"29":{"start":{"line":51,"column":29},"end":{"line":51,"column":51}},"30":{"start":{"line":55,"column":12},"end":{"line":55,"column":68}},"31":{"start":{"line":57,"column":12},"end":{"line":57,"column":40}},"32":{"start":{"line":58,"column":12},"end":{"line":58,"column":42}},"33":{"start":{"line":63,"column":19},"end":{"line":73,"column":1}},"34":{"start":{"line":64,"column":15},"end":{"line":64,"column":56}},"35":{"start":{"line":65,"column":4},"end":{"line":67,"column":5}},"36":{"start":{"line":66,"column":8},"end":{"line":66,"column":71}},"37":{"start":{"line":68,"column":4},"end":{"line":68,"column":23}},"38":{"start":{"line":69,"column":4},"end":{"line":69,"column":60}},"39":{"start":{"line":75,"column":20},"end":{"line":81,"column":1}},"40":{"start":{"line":76,"column":15},"end":{"line":76,"column":56}},"41":{"start":{"line":77,"column":4},"end":{"line":79,"column":5}},"42":{"start":{"line":78,"column":8},"end":{"line":78,"column":71}},"43":{"start":{"line":80,"column":4},"end":{"line":80,"column":37}},"44":{"start":{"line":83,"column":0},"end":{"line":89,"column":1}}},"fnMap":{"0":{"name":"(anonymous_0)","decl":{"start":{"line":6,"column":19},"end":{"line":6,"column":20}},"loc":{"start":{"line":6,"column":33},"end":{"line":13,"column":1}},"line":6},"1":{"name":"(anonymous_1)","decl":{"start":{"line":7,"column":18},"end":{"line":7,"column":19}},"loc":{"start":{"line":7,"column":33},"end":{"line":12,"column":5}},"line":7},"2":{"name":"(anonymous_2)","decl":{"start":{"line":16,"column":16},"end":{"line":16,"column":17}},"loc":{"start":{"line":16,"column":30},"end":{"line":35,"column":1}},"line":16},"3":{"name":"(anonymous_3)","decl":{"start":{"line":17,"column":42},"end":{"line":17,"column":43}},"loc":{"start":{"line":17,"column":57},"end":{"line":34,"column":5}},"line":17},"4":{"name":"(anonymous_4)","decl":{"start":{"line":26,"column":25},"end":{"line":26,"column":26}},"loc":{"start":{"line":26,"column":40},"end":{"line":29,"column":13}},"line":26},"5":{"name":"(anonymous_5)","decl":{"start":{"line":37,"column":14},"end":{"line":37,"column":15}},"loc":{"start":{"line":37,"column":34},"end":{"line":61,"column":1}},"line":37},"6":{"name":"(anonymous_6)","decl":{"start":{"line":38,"column":42},"end":{"line":38,"column":43}},"loc":{"start":{"line":38,"column":57},"end":{"line":60,"column":5}},"line":38},"7":{"name":"(anonymous_7)","decl":{"start":{"line":63,"column":19},"end":{"line":63,"column":20}},"loc":{"start":{"line":63,"column":39},"end":{"line":73,"column":1}},"line":63},"8":{"name":"(anonymous_8)","decl":{"start":{"line":75,"column":20},"end":{"line":75,"column":21}},"loc":{"start":{"line":75,"column":40},"end":{"line":81,"column":1}},"line":75}},"branchMap":{"0":{"loc":{"start":{"line":8,"column":8},"end":{"line":10,"column":9}},"type":"if","locations":[{"start":{"line":8,"column":8},"end":{"line":10,"column":9}},{"start":{},"end":{}}],"line":8},"1":{"loc":{"start":{"line":19,"column":8},"end":{"line":33,"column":9}},"type":"if","locations":[{"start":{"line":19,"column":8},"end":{"line":33,"column":9}},{"start":{"line":30,"column":15},"end":{"line":33,"column":9}}],"line":19},"2":{"loc":{"start":{"line":27,"column":16},"end":{"line":27,"column":79}},"type":"if","locations":[{"start":{"line":27,"column":16},"end":{"line":27,"column":79}},{"start":{},"end":{}}],"line":27},"3":{"loc":{"start":{"line":31,"column":12},"end":{"line":31,"column":87}},"type":"if","locations":[{"start":{"line":31,"column":12},"end":{"line":31,"column":87}},{"start":{},"end":{}}],"line":31},"4":{"loc":{"start":{"line":39,"column":8},"end":{"line":41,"column":32}},"type":"if","locations":[{"start":{"line":39,"column":8},"end":{"line":41,"column":32}},{"start":{},"end":{}}],"line":39},"5":{"loc":{"start":{"line":43,"column":8},"end":{"line":59,"column":9}},"type":"if","locations":[{"start":{"line":43,"column":8},"end":{"line":59,"column":9}},{"start":{"line":56,"column":13},"end":{"line":59,"column":9}}],"line":43},"6":{"loc":{"start":{"line":65,"column":4},"end":{"line":67,"column":5}},"type":"if","locations":[{"start":{"line":65,"column":4},"end":{"line":67,"column":5}},{"start":{},"end":{}}],"line":65},"7":{"loc":{"start":{"line":77,"column":4},"end":{"line":79,"column":5}},"type":"if","locations":[{"start":{"line":77,"column":4},"end":{"line":79,"column":5}},{"start":{},"end":{}}],"line":77}},"s":{"0":1,"1":1,"2":1,"3":1,"4":1,"5":0,"6":0,"7":0,"8":0,"9":1,"10":0,"11":0,"12":0,"13":0,"14":0,"15":0,"16":0,"17":0,"18":0,"19":0,"20":1,"21":0,"22":0,"23":0,"24":0,"25":0,"26":0,"27":0,"28":0,"29":0,"30":0,"31":0,"32":0,"33":1,"34":0,"35":0,"36":0,"37":0,"38":0,"39":1,"40":0,"41":0,"42":0,"43":0,"44":1},"f":{"0":0,"1":0,"2":0,"3":0,"4":0,"5":0,"6":0,"7":0,"8":0},"b":{"0":[0,0],"1":[0,0],"2":[0,0],"3":[0,0],"4":[0,0],"5":[0,0],"6":[0,0],"7":[0,0]},"_coverageSchema":"1a1c01bbd47fc00a2c39e90264f33305004495a9","hash":"ed584536cbe293a764031ea71c33dd6ba932a13f"}
,"/Users/davidedibenedetto/Downloads/v/models/enclosure.js": {"path":"/Users/davidedibenedetto/Downloads/v/models/enclosure.js","statementMap":{"0":{"start":{"line":1,"column":17},"end":{"line":1,"column":36}},"1":{"start":{"line":2,"column":17},"end":{"line":2,"column":51}},"2":{"start":{"line":5,"column":24},"end":{"line":10,"column":2}},"3":{"start":{"line":12,"column":18},"end":{"line":12,"column":68}},"4":{"start":{"line":13,"column":0},"end":{"line":13,"column":26}}},"fnMap":{},"branchMap":{},"s":{"0":1,"1":1,"2":1,"3":1,"4":1},"f":{},"b":{},"_coverageSchema":"1a1c01bbd47fc00a2c39e90264f33305004495a9","hash":"b85e148b4772b8d07f41ce16d9f11c4934213a73"}
,"/Users/davidedibenedetto/Downloads/v/models/note.js": {"path":"/Users/davidedibenedetto/Downloads/v/models/note.js","statementMap":{"0":{"start":{"line":1,"column":17},"end":{"line":1,"column":36}},"1":{"start":{"line":3,"column":19},"end":{"line":9,"column":2}},"2":{"start":{"line":11,"column":13},"end":{"line":11,"column":53}},"3":{"start":{"line":12,"column":0},"end":{"line":12,"column":21}}},"fnMap":{},"branchMap":{},"s":{"0":1,"1":1,"2":1,"3":1},"f":{},"b":{},"_coverageSchema":"1a1c01bbd47fc00a2c39e90264f33305004495a9","hash":"7a31da0e1021a485685f9849a28f7bccee73e74d"}
,"/Users/davidedibenedetto/Downloads/v/models/token.js": {"path":"/Users/davidedibenedetto/Downloads/v/models/token.js","statementMap":{"0":{"start":{"line":1,"column":17},"end":{"line":1,"column":36}},"1":{"start":{"line":3,"column":20},"end":{"line":6,"column":2}},"2":{"start":{"line":8,"column":14},"end":{"line":8,"column":50}},"3":{"start":{"line":9,"column":0},"end":{"line":9,"column":22}}},"fnMap":{},"branchMap":{},"s":{"0":1,"1":1,"2":1,"3":1},"f":{},"b":{},"_coverageSchema":"1a1c01bbd47fc00a2c39e90264f33305004495a9","hash":"1e78103986343692ff61d7b5cc8bc53b6e074b28"}
,"/Users/davidedibenedetto/Downloads/v/models/user.js": {"path":"/Users/davidedibenedetto/Downloads/v/models/user.js","statementMap":{"0":{"start":{"line":1,"column":17},"end":{"line":1,"column":36}},"1":{"start":{"line":2,"column":17},"end":{"line":2,"column":51}},"2":{"start":{"line":4,"column":19},"end":{"line":8,"column":2}},"3":{"start":{"line":10,"column":13},"end":{"line":10,"column":47}},"4":{"start":{"line":11,"column":0},"end":{"line":11,"column":21}}},"fnMap":{},"branchMap":{},"s":{"0":1,"1":1,"2":1,"3":1,"4":1},"f":{},"b":{},"_coverageSchema":"1a1c01bbd47fc00a2c39e90264f33305004495a9","hash":"47208e124dd5a10812a45d7a877e90954b94c1a2"}
,"/Users/davidedibenedetto/Downloads/v/routes/enclosure.js": {"path":"/Users/davidedibenedetto/Downloads/v/routes/enclosure.js","statementMap":{"0":{"start":{"line":1,"column":16},"end":{"line":1,"column":34}},"1":{"start":{"line":3,"column":15},"end":{"line":3,"column":31}},"2":{"start":{"line":5,"column":28},"end":{"line":5,"column":63}},"3":{"start":{"line":7,"column":0},"end":{"line":7,"column":67}},"4":{"start":{"line":9,"column":0},"end":{"line":9,"column":61}},"5":{"start":{"line":11,"column":0},"end":{"line":11,"column":66}},"6":{"start":{"line":13,"column":0},"end":{"line":13,"column":68}},"7":{"start":{"line":15,"column":0},"end":{"line":15,"column":80}},"8":{"start":{"line":17,"column":0},"end":{"line":17,"column":66}},"9":{"start":{"line":19,"column":0},"end":{"line":19,"column":72}},"10":{"start":{"line":21,"column":0},"end":{"line":21,"column":23}}},"fnMap":{},"branchMap":{},"s":{"0":1,"1":1,"2":1,"3":1,"4":1,"5":1,"6":1,"7":1,"8":1,"9":1,"10":1},"f":{},"b":{},"_coverageSchema":"1a1c01bbd47fc00a2c39e90264f33305004495a9","hash":"2c974c73a6f61bc12b695a1111872bbbf51a0311"}
,"/Users/davidedibenedetto/Downloads/v/routes/note.js": {"path":"/Users/davidedibenedetto/Downloads/v/routes/note.js","statementMap":{"0":{"start":{"line":1,"column":16},"end":{"line":1,"column":34}},"1":{"start":{"line":3,"column":15},"end":{"line":3,"column":31}},"2":{"start":{"line":5,"column":23},"end":{"line":5,"column":53}},"3":{"start":{"line":7,"column":0},"end":{"line":7,"column":57}},"4":{"start":{"line":9,"column":0},"end":{"line":9,"column":46}},"5":{"start":{"line":11,"column":0},"end":{"line":11,"column":51}},"6":{"start":{"line":13,"column":0},"end":{"line":13,"column":53}},"7":{"start":{"line":15,"column":0},"end":{"line":15,"column":80}},"8":{"start":{"line":17,"column":0},"end":{"line":17,"column":57}},"9":{"start":{"line":21,"column":0},"end":{"line":21,"column":24}}},"fnMap":{},"branchMap":{},"s":{"0":1,"1":1,"2":1,"3":1,"4":1,"5":1,"6":1,"7":1,"8":1,"9":1},"f":{},"b":{},"_coverageSchema":"1a1c01bbd47fc00a2c39e90264f33305004495a9","hash":"51a23f122a635ec24c4ee9db69139ad10baaac83"}
,"/Users/davidedibenedetto/Downloads/v/routes/token.js": {"path":"/Users/davidedibenedetto/Downloads/v/routes/token.js","statementMap":{"0":{"start":{"line":1,"column":16},"end":{"line":1,"column":34}},"1":{"start":{"line":3,"column":15},"end":{"line":3,"column":31}},"2":{"start":{"line":5,"column":23},"end":{"line":5,"column":54}},"3":{"start":{"line":7,"column":0},"end":{"line":7,"column":50}},"4":{"start":{"line":12,"column":0},"end":{"line":12,"column":24}}},"fnMap":{},"branchMap":{},"s":{"0":1,"1":1,"2":1,"3":1,"4":1},"f":{},"b":{},"_coverageSchema":"1a1c01bbd47fc00a2c39e90264f33305004495a9","hash":"87b7f89d9eb60952ba7699ee7a9a62f4da09f97c"}
,"/Users/davidedibenedetto/Downloads/v/routes/user.js": {"path":"/Users/davidedibenedetto/Downloads/v/routes/user.js","statementMap":{"0":{"start":{"line":1,"column":16},"end":{"line":1,"column":34}},"1":{"start":{"line":3,"column":15},"end":{"line":3,"column":31}},"2":{"start":{"line":5,"column":23},"end":{"line":5,"column":53}},"3":{"start":{"line":7,"column":0},"end":{"line":7,"column":44}},"4":{"start":{"line":9,"column":0},"end":{"line":9,"column":46}},"5":{"start":{"line":11,"column":0},"end":{"line":11,"column":48}},"6":{"start":{"line":13,"column":0},"end":{"line":13,"column":53}},"7":{"start":{"line":15,"column":0},"end":{"line":15,"column":51}},"8":{"start":{"line":17,"column":0},"end":{"line":17,"column":24}}},"fnMap":{},"branchMap":{},"s":{"0":1,"1":1,"2":1,"3":1,"4":1,"5":1,"6":1,"7":1,"8":1},"f":{},"b":{},"_coverageSchema":"1a1c01bbd47fc00a2c39e90264f33305004495a9","hash":"2d1d3f688fa407679c1cafedf47e5ef33aa56bd7"}
}
